<?xml version="1.0" encoding="UTF-8"?>
<!-- Generated by org.testng.reporters.JUnitReportReporter -->
<testsuite hostname="DELL" failures="0" tests="4" name="login_to_zoho.login_to_zoho_page" time="92.363" errors="0" timestamp="2024-05-10T20:47:25 IST" skipped="0">
  <testcase classname="login_to_zoho.login_to_zoho_page" name="LoginTest" time="32.446"/>
  <system-out>
    <![CDATA[method nameLoginTest
method status1]]>
  </system-out>
  <testcase classname="login_to_zoho.login_to_zoho_page" name="LoginTest" time="23.855"/>
  <system-out>
    <![CDATA[method nameLoginTest
method status1]]>
  </system-out>
  <testcase classname="login_to_zoho.login_to_zoho_page" name="LoginTest" time="16.610"/>
  <system-out>
    <![CDATA[method nameLoginTest
method status1]]>
  </system-out>
  <testcase classname="login_to_zoho.login_to_zoho_page" name="LoginTest" time="19.452"/>
  <system-out>
    <![CDATA[method nameLoginTest
method status1]]>
  </system-out>
</testsuite> <!-- login_to_zoho.login_to_zoho_page -->
